[5.191s] DEBUG:colcon:Command line arguments: ['/usr/bin/colcon', 'build', '--packages-select', 'adeept_awr_interfaces']
[5.192s] DEBUG:colcon:Parsed command line arguments: Namespace(log_base=None, log_level=None, verb_name='build', build_base='build', install_base='install', merge_install=False, symlink_install=False, test_result_base=None, continue_on_error=False, executor='parallel', parallel_workers=4, event_handlers=None, ignore_user_meta=False, metas=['./colcon.meta'], base_paths=['.'], packages_ignore=None, packages_ignore_regex=None, paths=None, packages_up_to=None, packages_up_to_regex=None, packages_above=None, packages_above_and_dependencies=None, packages_above_depth=None, packages_select_by_dep=None, packages_skip_by_dep=None, packages_skip_up_to=None, packages_select_build_failed=False, packages_skip_build_finished=False, packages_select_test_failures=False, packages_skip_test_passed=False, packages_select=['adeept_awr_interfaces'], packages_skip=None, packages_select_regex=None, packages_skip_regex=None, packages_start=None, packages_end=None, allow_overriding=[], cmake_args=None, cmake_target=None, cmake_target_skip_unavailable=False, cmake_clean_cache=False, cmake_clean_first=False, cmake_force_configure=False, ament_cmake_args=None, catkin_cmake_args=None, catkin_skip_building_tests=False, verb_parser=<colcon_defaults.argument_parser.defaults.DefaultArgumentsDecorator object at 0xffff812b1960>, verb_extension=<colcon_core.verb.build.BuildVerb object at 0xffff813d2b00>, main=<bound method BuildVerb.main of <colcon_core.verb.build.BuildVerb object at 0xffff813d2b00>>)
[5.424s] Level 1:colcon.colcon_core.package_discovery:discover_packages(colcon_meta) check parameters
[5.424s] Level 1:colcon.colcon_core.package_discovery:discover_packages(recursive) check parameters
[5.424s] Level 1:colcon.colcon_core.package_discovery:discover_packages(ignore) check parameters
[5.424s] Level 1:colcon.colcon_core.package_discovery:discover_packages(path) check parameters
[5.424s] Level 1:colcon.colcon_core.package_discovery:discover_packages(colcon_meta) discover
[5.425s] Level 1:colcon.colcon_core.package_discovery:discover_packages(recursive) discover
[5.425s] INFO:colcon.colcon_core.package_discovery:Crawling recursively for packages in '/home/pi/ros2_ws/launch'
[5.425s] Level 1:colcon.colcon_core.package_identification:_identify(.) by extensions ['ignore', 'ignore_ament_install']
[5.426s] Level 1:colcon.colcon_core.package_identification:_identify(.) by extension 'ignore'
[5.426s] Level 1:colcon.colcon_core.package_identification:_identify(.) by extension 'ignore_ament_install'
[5.426s] Level 1:colcon.colcon_core.package_identification:_identify(.) by extensions ['colcon_pkg']
[5.426s] Level 1:colcon.colcon_core.package_identification:_identify(.) by extension 'colcon_pkg'
[5.427s] Level 1:colcon.colcon_core.package_identification:_identify(.) by extensions ['colcon_meta']
[5.427s] Level 1:colcon.colcon_core.package_identification:_identify(.) by extension 'colcon_meta'
[5.427s] Level 1:colcon.colcon_core.package_identification:_identify(.) by extensions ['ros']
[5.427s] Level 1:colcon.colcon_core.package_identification:_identify(.) by extension 'ros'
[5.480s] Level 1:colcon.colcon_core.package_identification:_identify(.) by extensions ['cmake', 'python']
[5.480s] Level 1:colcon.colcon_core.package_identification:_identify(.) by extension 'cmake'
[5.480s] Level 1:colcon.colcon_core.package_identification:_identify(.) by extension 'python'
[5.480s] Level 1:colcon.colcon_core.package_identification:_identify(.) by extensions ['python_setup_py']
[5.481s] Level 1:colcon.colcon_core.package_identification:_identify(.) by extension 'python_setup_py'
[5.481s] Level 1:colcon.colcon_core.package_identification:_identify(__pycache__) by extensions ['ignore', 'ignore_ament_install']
[5.482s] Level 1:colcon.colcon_core.package_identification:_identify(__pycache__) by extension 'ignore'
[5.482s] Level 1:colcon.colcon_core.package_identification:_identify(__pycache__) by extension 'ignore_ament_install'
[5.482s] Level 1:colcon.colcon_core.package_identification:_identify(__pycache__) by extensions ['colcon_pkg']
[5.482s] Level 1:colcon.colcon_core.package_identification:_identify(__pycache__) by extension 'colcon_pkg'
[5.482s] Level 1:colcon.colcon_core.package_identification:_identify(__pycache__) by extensions ['colcon_meta']
[5.483s] Level 1:colcon.colcon_core.package_identification:_identify(__pycache__) by extension 'colcon_meta'
[5.483s] Level 1:colcon.colcon_core.package_identification:_identify(__pycache__) by extensions ['ros']
[5.483s] Level 1:colcon.colcon_core.package_identification:_identify(__pycache__) by extension 'ros'
[5.483s] Level 1:colcon.colcon_core.package_identification:_identify(__pycache__) by extensions ['cmake', 'python']
[5.483s] Level 1:colcon.colcon_core.package_identification:_identify(__pycache__) by extension 'cmake'
[5.484s] Level 1:colcon.colcon_core.package_identification:_identify(__pycache__) by extension 'python'
[5.484s] Level 1:colcon.colcon_core.package_identification:_identify(__pycache__) by extensions ['python_setup_py']
[5.484s] Level 1:colcon.colcon_core.package_identification:_identify(__pycache__) by extension 'python_setup_py'
[5.484s] Level 1:colcon.colcon_core.package_identification:_identify(build) by extensions ['ignore', 'ignore_ament_install']
[5.485s] Level 1:colcon.colcon_core.package_identification:_identify(build) by extension 'ignore'
[5.485s] Level 1:colcon.colcon_core.package_identification:_identify(build) ignored
[5.486s] Level 1:colcon.colcon_core.package_identification:_identify(install) by extensions ['ignore', 'ignore_ament_install']
[5.486s] Level 1:colcon.colcon_core.package_identification:_identify(install) by extension 'ignore'
[5.486s] Level 1:colcon.colcon_core.package_identification:_identify(install) ignored
[5.487s] Level 1:colcon.colcon_core.package_identification:_identify(log) by extensions ['ignore', 'ignore_ament_install']
[5.487s] Level 1:colcon.colcon_core.package_identification:_identify(log) by extension 'ignore'
[5.487s] Level 1:colcon.colcon_core.package_identification:_identify(log) ignored
[5.487s] Level 1:colcon.colcon_core.package_discovery:discover_packages(recursive) using defaults
[5.488s] Level 1:colcon.colcon_core.package_discovery:discover_packages(ignore) discover
[5.488s] Level 1:colcon.colcon_core.package_discovery:discover_packages(ignore) using defaults
[5.488s] Level 1:colcon.colcon_core.package_discovery:discover_packages(path) discover
[5.488s] Level 1:colcon.colcon_core.package_discovery:discover_packages(path) using defaults
[5.561s] WARNING:colcon.colcon_core.package_selection:ignoring unknown package 'adeept_awr_interfaces' in --packages-select
[5.951s] Level 1:colcon.colcon_core.package_discovery:discover_packages(prefix_path) check parameters
[5.951s] Level 1:colcon.colcon_core.package_discovery:discover_packages(prefix_path) discover
[6.110s] DEBUG:colcon.colcon_installed_package_information.package_discovery:Found 7 installed packages in /home/pi/ros2_ws/install
[6.193s] DEBUG:colcon.colcon_installed_package_information.package_discovery:Found 281 installed packages in /opt/ros/iron
[6.201s] Level 1:colcon.colcon_core.package_discovery:discover_packages(prefix_path) using defaults
[6.600s] INFO:colcon.colcon_core.executor:Executing jobs using 'parallel' executor
[6.674s] DEBUG:colcon.colcon_parallel_executor.executor.parallel:run_until_complete
[6.674s] DEBUG:colcon.colcon_parallel_executor.executor.parallel:closing loop
[6.675s] DEBUG:colcon.colcon_parallel_executor.executor.parallel:loop closed
[6.675s] DEBUG:colcon.colcon_parallel_executor.executor.parallel:run_until_complete finished with '0'
[6.675s] DEBUG:colcon.colcon_core.event_reactor:joining thread
[6.774s] INFO:colcon.colcon_core.plugin_system:Skipping extension 'colcon_notification.desktop_notification.notify_send': Could not find 'notify-send'
[6.775s] INFO:colcon.colcon_core.plugin_system:Skipping extension 'colcon_notification.desktop_notification.terminal_notifier': Not used on non-Darwin systems
[6.775s] INFO:colcon.colcon_core.plugin_system:Skipping extension 'colcon_notification.desktop_notification.win32': Not used on non-Windows systems
[6.775s] INFO:colcon.colcon_notification.desktop_notification:Sending desktop notification using 'notify2'
[6.778s] DEBUG:colcon.colcon_notification.desktop_notification.notify2:Failed to initialize notify2: org.freedesktop.DBus.Error.ServiceUnknown: The name org.freedesktop.Notifications was not provided by any .service files
[6.779s] DEBUG:colcon.colcon_core.event_reactor:joined thread
[6.862s] INFO:colcon.colcon_core.plugin_system:Skipping extension 'colcon_core.shell.bat': Not used on non-Windows systems
[6.863s] INFO:colcon.colcon_core.shell:Creating prefix script '/home/pi/ros2_ws/launch/install/local_setup.ps1'
[6.867s] INFO:colcon.colcon_core.shell:Creating prefix util module '/home/pi/ros2_ws/launch/install/_local_setup_util_ps1.py'
[6.873s] INFO:colcon.colcon_core.shell:Creating prefix chain script '/home/pi/ros2_ws/launch/install/setup.ps1'
[6.951s] INFO:colcon.colcon_core.shell:Creating prefix script '/home/pi/ros2_ws/launch/install/local_setup.sh'
[6.954s] INFO:colcon.colcon_core.shell:Creating prefix util module '/home/pi/ros2_ws/launch/install/_local_setup_util_sh.py'
[6.956s] INFO:colcon.colcon_core.shell:Creating prefix chain script '/home/pi/ros2_ws/launch/install/setup.sh'
[7.034s] INFO:colcon.colcon_core.shell:Creating prefix script '/home/pi/ros2_ws/launch/install/local_setup.bash'
[7.036s] INFO:colcon.colcon_core.shell:Creating prefix chain script '/home/pi/ros2_ws/launch/install/setup.bash'
[7.116s] INFO:colcon.colcon_core.shell:Creating prefix script '/home/pi/ros2_ws/launch/install/local_setup.zsh'
[7.118s] INFO:colcon.colcon_core.shell:Creating prefix chain script '/home/pi/ros2_ws/launch/install/setup.zsh'
